<?xml version="1.0" encoding="UTF-8"?>
<testsuite name="br.com.uallace.session05.Test" tests="7" skipped="0" failures="0" errors="0" timestamp="2023-08-21T14:48:49" hostname="MacBook-Air-de-Uallace.local" time="0.014">
  <properties/>
  <testcase name="&quot;Fish hsif&quot; is not a palindrome()" classname="br.com.uallace.session05.Test" time="0.011"/>
  <testcase name="&quot;greetings&quot; is not a palindrome()" classname="br.com.uallace.session05.Test" time="0.0"/>
  <testcase name="&quot; civic&quot; is not a palindrome()" classname="br.com.uallace.session05.Test" time="0.0"/>
  <testcase name="&quot;civic &quot; is not a palindrome()" classname="br.com.uallace.session05.Test" time="0.0"/>
  <testcase name="&quot;civic&quot; is a palindrome()" classname="br.com.uallace.session05.Test" time="0.0"/>
  <testcase name="&quot;pennep&quot; a palindrome()" classname="br.com.uallace.session05.Test" time="0.0"/>
  <testcase name="&quot;1000000001&quot; a palindrome()" classname="br.com.uallace.session05.Test" time="0.0"/>
  <system-out><![CDATA[]]></system-out>
  <system-err><![CDATA[]]></system-err>
</testsuite>
