<?xml version="1.0" encoding="UTF-8"?>
<testsuite name="br.com.uallace.session07.TestOperatorOverload" tests="2" skipped="0" failures="0" errors="0" timestamp="2023-08-22T13:12:56" hostname="MacBook-Air-de-Uallace.local" time="0.008">
  <properties/>
  <testcase name="Calling OperatorOverload with &quot;(200, 100) plus (1000, 2000)&quot; returns Coordinates(x=1200, y=2100)()" classname="br.com.uallace.session07.TestOperatorOverload" time="0.007"/>
  <testcase name="Calling OperatorOverload with &quot;(200, 100) minus (1000, 2000)&quot; returns Coordinates(x=1200, y=2100)()" classname="br.com.uallace.session07.TestOperatorOverload" time="0.001"/>
  <system-out><![CDATA[]]></system-out>
  <system-err><![CDATA[]]></system-err>
</testsuite>
