<?xml version="1.0" encoding="UTF-8"?>
<testsuite name="br.com.uallace.session08.TestFindShortestStudentName" tests="1" skipped="0" failures="0" errors="0" timestamp="2023-08-22T13:12:56" hostname="MacBook-Air-de-Uallace.local" time="0.008">
  <properties/>
  <testcase name="Find shortest student name should be equal 'Ada'()" classname="br.com.uallace.session08.TestFindShortestStudentName" time="0.008"/>
  <system-out><![CDATA[]]></system-out>
  <system-err><![CDATA[]]></system-err>
</testsuite>
